0 info it worked if it ends with ok
1 verbose cli [ 'C:\\Program Files\\nodejs\\node.exe',
1 verbose cli   'C:\\Program Files\\nodejs\\node_modules\\npm\\bin\\npm-cli.js',
1 verbose cli   'install',
1 verbose cli   'bootstrap',
1 verbose cli   '--save' ]
2 info using npm@3.8.3
3 info using node@v5.10.1
4 silly loadCurrentTree Starting
5 silly install loadCurrentTree
6 silly install readLocalPackageData
7 silly fetchPackageMetaData bootstrap
8 silly fetchNamedPackageData bootstrap
9 silly mapToRegistry name bootstrap
10 silly mapToRegistry using default registry
11 silly mapToRegistry registry https://registry.npmjs.org/
12 silly mapToRegistry data Result {
12 silly mapToRegistry   raw: 'bootstrap',
12 silly mapToRegistry   scope: null,
12 silly mapToRegistry   name: 'bootstrap',
12 silly mapToRegistry   rawSpec: '',
12 silly mapToRegistry   spec: 'latest',
12 silly mapToRegistry   type: 'tag' }
13 silly mapToRegistry uri https://registry.npmjs.org/bootstrap
14 verbose request uri https://registry.npmjs.org/bootstrap
15 verbose request no auth needed
16 info attempt registry request try #1 at 4:19:37 PM
17 verbose request id 60e97f4d13e7badc
18 http request GET https://registry.npmjs.org/bootstrap
19 http 200 https://registry.npmjs.org/bootstrap
20 verbose headers { server: 'CouchDB/1.5.0 (Erlang OTP/R16B03)',
20 verbose headers   etag: '"6YNJCO5HUC636G04LBISPU02T"',
20 verbose headers   'content-type': 'application/json',
20 verbose headers   'content-encoding': 'gzip',
20 verbose headers   'cache-control': 'max-age=300',
20 verbose headers   'content-length': '9713',
20 verbose headers   'accept-ranges': 'bytes',
20 verbose headers   date: 'Wed, 24 Aug 2016 08:19:38 GMT',
20 verbose headers   via: '1.1 varnish',
20 verbose headers   age: '0',
20 verbose headers   connection: 'keep-alive',
20 verbose headers   'x-served-by': 'cache-itm7424-ITM',
20 verbose headers   'x-cache': 'HIT',
20 verbose headers   'x-cache-hits': '1',
20 verbose headers   'x-timer': 'S1472026777.655212,VS0,VE591',
20 verbose headers   vary: 'Accept-Encoding' }
21 silly get cb [ 200,
21 silly get   { server: 'CouchDB/1.5.0 (Erlang OTP/R16B03)',
21 silly get     etag: '"6YNJCO5HUC636G04LBISPU02T"',
21 silly get     'content-type': 'application/json',
21 silly get     'content-encoding': 'gzip',
21 silly get     'cache-control': 'max-age=300',
21 silly get     'content-length': '9713',
21 silly get     'accept-ranges': 'bytes',
21 silly get     date: 'Wed, 24 Aug 2016 08:19:38 GMT',
21 silly get     via: '1.1 varnish',
21 silly get     age: '0',
21 silly get     connection: 'keep-alive',
21 silly get     'x-served-by': 'cache-itm7424-ITM',
21 silly get     'x-cache': 'HIT',
21 silly get     'x-cache-hits': '1',
21 silly get     'x-timer': 'S1472026777.655212,VS0,VE591',
21 silly get     vary: 'Accept-Encoding' } ]
22 verbose get saving bootstrap to C:\Users\yshao009\AppData\Roaming\npm-cache\registry.npmjs.org\bootstrap\.cache.json
23 verbose correctMkdir C:\Users\yshao009\AppData\Roaming\npm-cache correctMkdir not in flight; initializing
24 silly install normalizeTree
25 silly loadCurrentTree Finishing
26 silly loadIdealTree Starting
27 silly install loadIdealTree
28 silly cloneCurrentTree Starting
29 silly install cloneCurrentTreeToIdealTree
30 silly cloneCurrentTree Finishing
31 silly loadShrinkwrap Starting
32 silly install loadShrinkwrap
33 silly loadShrinkwrap Finishing
34 silly loadAllDepsIntoIdealTree Starting
35 silly install loadAllDepsIntoIdealTree
36 silly resolveWithNewModule bootstrap@3.3.7 checking installable status
37 silly cache add args [ 'bootstrap', null ]
38 verbose cache add spec bootstrap
39 silly cache add parsed spec Result {
39 silly cache add   raw: 'bootstrap',
39 silly cache add   scope: null,
39 silly cache add   name: 'bootstrap',
39 silly cache add   rawSpec: '',
39 silly cache add   spec: 'latest',
39 silly cache add   type: 'tag' }
40 silly addNamed bootstrap@latest
41 verbose addNamed "latest" is being treated as a dist-tag for bootstrap
42 info addNameTag [ 'bootstrap', 'latest' ]
43 silly mapToRegistry name bootstrap
44 silly mapToRegistry using default registry
45 silly mapToRegistry registry https://registry.npmjs.org/
46 silly mapToRegistry data Result {
46 silly mapToRegistry   raw: 'bootstrap',
46 silly mapToRegistry   scope: null,
46 silly mapToRegistry   name: 'bootstrap',
46 silly mapToRegistry   rawSpec: '',
46 silly mapToRegistry   spec: 'latest',
46 silly mapToRegistry   type: 'tag' }
47 silly mapToRegistry uri https://registry.npmjs.org/bootstrap
48 verbose addNameTag registry:https://registry.npmjs.org/bootstrap not in flight; fetching
49 verbose get https://registry.npmjs.org/bootstrap not expired, no request
50 silly addNameTag next cb for bootstrap with tag latest
51 silly addNamed bootstrap@3.3.7
52 verbose addNamed "3.3.7" is a plain semver version for bootstrap
53 silly mapToRegistry name bootstrap
54 silly mapToRegistry using default registry
55 silly mapToRegistry registry https://registry.npmjs.org/
56 silly mapToRegistry data Result {
56 silly mapToRegistry   raw: 'bootstrap',
56 silly mapToRegistry   scope: null,
56 silly mapToRegistry   name: 'bootstrap',
56 silly mapToRegistry   rawSpec: '',
56 silly mapToRegistry   spec: 'latest',
56 silly mapToRegistry   type: 'tag' }
57 silly mapToRegistry uri https://registry.npmjs.org/bootstrap
58 verbose addRemoteTarball https://registry.npmjs.org/bootstrap/-/bootstrap-3.3.7.tgz not in flight; adding
59 verbose addRemoteTarball [ 'https://registry.npmjs.org/bootstrap/-/bootstrap-3.3.7.tgz',
59 verbose addRemoteTarball   '5a389394549f23330875a3b150656574f8a9eb71' ]
60 info retry fetch attempt 1 at 4:19:38 PM
61 info attempt registry request try #1 at 4:19:38 PM
62 http fetch GET https://registry.npmjs.org/bootstrap/-/bootstrap-3.3.7.tgz
63 http fetch 200 https://registry.npmjs.org/bootstrap/-/bootstrap-3.3.7.tgz
64 silly fetchAndShaCheck shasum 5a389394549f23330875a3b150656574f8a9eb71
65 verbose addTmpTarball C:\Users\yshao009\AppData\Local\Temp\npm-30152-fcb30923\registry.npmjs.org\bootstrap\-\bootstrap-3.3.7.tgz not in flight; adding
66 verbose addTmpTarball already have metadata; skipping unpack for bootstrap@3.3.7
67 verbose correctMkdir C:\Users\yshao009\AppData\Roaming\npm-cache correctMkdir not in flight; initializing
68 silly cache afterAdd bootstrap@3.3.7
69 verbose afterAdd C:\Users\yshao009\AppData\Roaming\npm-cache\bootstrap\3.3.7\package\package.json not in flight; writing
70 verbose correctMkdir C:\Users\yshao009\AppData\Roaming\npm-cache correctMkdir not in flight; initializing
71 verbose afterAdd C:\Users\yshao009\AppData\Roaming\npm-cache\bootstrap\3.3.7\package\package.json written
72 silly loadAllDepsIntoIdealTree Finishing
73 silly idealTree:prePrune script
73 silly idealTree:prePrune +-- angular@1.5.8
73 silly idealTree:prePrune +-- bootstrap-css@3.0.0
73 silly idealTree:prePrune `-- bootstrap@3.3.7
74 silly loadIdealTree Finishing
75 silly currentTree script
75 silly currentTree +-- angular@1.5.8
75 silly currentTree `-- bootstrap-css@3.0.0
76 silly idealTree script
76 silly idealTree +-- angular@1.5.8
76 silly idealTree +-- bootstrap-css@3.0.0
76 silly idealTree `-- bootstrap@3.3.7
77 silly generateActionsToTake Starting
78 silly install generateActionsToTake
79 silly generateActionsToTake Finishing
80 silly diffTrees action count 3
81 silly diffTrees update angular@1.5.8
82 silly diffTrees add bootstrap@3.3.7
83 silly diffTrees update bootstrap-css@3.0.0
84 silly decomposeActions action count 24
85 silly decomposeActions fetch angular@1.5.8
86 silly decomposeActions extract angular@1.5.8
87 silly decomposeActions test angular@1.5.8
88 silly decomposeActions preinstall angular@1.5.8
89 silly decomposeActions build angular@1.5.8
90 silly decomposeActions install angular@1.5.8
91 silly decomposeActions postinstall angular@1.5.8
92 silly decomposeActions finalize angular@1.5.8
93 silly decomposeActions fetch bootstrap@3.3.7
94 silly decomposeActions extract bootstrap@3.3.7
95 silly decomposeActions test bootstrap@3.3.7
96 silly decomposeActions preinstall bootstrap@3.3.7
97 silly decomposeActions build bootstrap@3.3.7
98 silly decomposeActions install bootstrap@3.3.7
99 silly decomposeActions postinstall bootstrap@3.3.7
100 silly decomposeActions finalize bootstrap@3.3.7
101 silly decomposeActions fetch bootstrap-css@3.0.0
102 silly decomposeActions extract bootstrap-css@3.0.0
103 silly decomposeActions test bootstrap-css@3.0.0
104 silly decomposeActions preinstall bootstrap-css@3.0.0
105 silly decomposeActions build bootstrap-css@3.0.0
106 silly decomposeActions install bootstrap-css@3.0.0
107 silly decomposeActions postinstall bootstrap-css@3.0.0
108 silly decomposeActions finalize bootstrap-css@3.0.0
109 silly executeActions Starting
110 silly install executeActions
111 silly doSerial global-install 0
112 silly doParallel fetch 3
113 verbose correctMkdir C:\Users\yshao009\AppData\Roaming\npm-cache\_locks correctMkdir not in flight; initializing
114 verbose lock using C:\Users\yshao009\AppData\Roaming\npm-cache\_locks\staging-3f3a26475ce8f03b.lock for C:\Users\yshao009\git\LBS\LBS\src\main\webapp\script\node_modules\.staging
115 silly doParallel extract 3
116 silly extract angular@1.5.8
117 silly extract bootstrap@3.3.7
118 silly extract bootstrap-css@3.0.0
119 verbose unbuild node_modules\.staging\angular-c2585c8c
120 verbose unbuild node_modules\.staging\bootstrap-7bf8d3d9
121 verbose unbuild node_modules\.staging\bootstrap-css-3a957e1b
122 silly gentlyRm C:\Users\yshao009\git\LBS\LBS\src\main\webapp\script\node_modules\.staging\angular-c2585c8c is being purged from base C:\Users\yshao009\git\LBS\LBS\src\main\webapp\script
123 verbose gentlyRm don't care about contents; nuking C:\Users\yshao009\git\LBS\LBS\src\main\webapp\script\node_modules\.staging\angular-c2585c8c
124 silly gentlyRm C:\Users\yshao009\git\LBS\LBS\src\main\webapp\script\node_modules\.staging\bootstrap-7bf8d3d9 is being purged from base C:\Users\yshao009\git\LBS\LBS\src\main\webapp\script
125 verbose gentlyRm don't care about contents; nuking C:\Users\yshao009\git\LBS\LBS\src\main\webapp\script\node_modules\.staging\bootstrap-7bf8d3d9
126 verbose tar unpack C:\Users\yshao009\AppData\Roaming\npm-cache\angular\1.5.8\package.tgz
127 verbose tar unpacking to C:\Users\yshao009\git\LBS\LBS\src\main\webapp\script\node_modules\.staging\angular-c2585c8c
128 silly gentlyRm C:\Users\yshao009\git\LBS\LBS\src\main\webapp\script\node_modules\.staging\angular-c2585c8c is being purged
129 verbose gentlyRm don't care about contents; nuking C:\Users\yshao009\git\LBS\LBS\src\main\webapp\script\node_modules\.staging\angular-c2585c8c
130 verbose tar unpack C:\Users\yshao009\AppData\Roaming\npm-cache\bootstrap\3.3.7\package.tgz
131 verbose tar unpacking to C:\Users\yshao009\git\LBS\LBS\src\main\webapp\script\node_modules\.staging\bootstrap-7bf8d3d9
132 silly gentlyRm C:\Users\yshao009\git\LBS\LBS\src\main\webapp\script\node_modules\.staging\bootstrap-7bf8d3d9 is being purged
133 verbose gentlyRm don't care about contents; nuking C:\Users\yshao009\git\LBS\LBS\src\main\webapp\script\node_modules\.staging\bootstrap-7bf8d3d9
134 silly gentlyRm C:\Users\yshao009\git\LBS\LBS\src\main\webapp\script\node_modules\.staging\bootstrap-css-3a957e1b is being purged from base C:\Users\yshao009\git\LBS\LBS\src\main\webapp\script
135 verbose gentlyRm don't care about contents; nuking C:\Users\yshao009\git\LBS\LBS\src\main\webapp\script\node_modules\.staging\bootstrap-css-3a957e1b
136 silly gunzTarPerm modes [ '777', '666' ]
137 silly gunzTarPerm modes [ '777', '666' ]
138 verbose tar unpack C:\Users\yshao009\AppData\Roaming\npm-cache\bootstrap-css\3.0.0\package.tgz
139 verbose tar unpacking to C:\Users\yshao009\git\LBS\LBS\src\main\webapp\script\node_modules\.staging\bootstrap-css-3a957e1b
140 silly gentlyRm C:\Users\yshao009\git\LBS\LBS\src\main\webapp\script\node_modules\.staging\bootstrap-css-3a957e1b is being purged
141 verbose gentlyRm don't care about contents; nuking C:\Users\yshao009\git\LBS\LBS\src\main\webapp\script\node_modules\.staging\bootstrap-css-3a957e1b
142 silly gunzTarPerm modes [ '777', '666' ]
143 silly gunzTarPerm extractEntry package.json
144 silly gunzTarPerm modified mode [ 'package.json', 420, 438 ]
145 silly gunzTarPerm extractEntry package.json
146 silly gunzTarPerm modified mode [ 'package.json', 420, 438 ]
147 silly gunzTarPerm extractEntry package.json
148 silly gunzTarPerm modified mode [ 'package.json', 420, 438 ]
149 silly gunzTarPerm extractEntry README.md
150 silly gunzTarPerm modified mode [ 'README.md', 420, 438 ]
151 silly gunzTarPerm extractEntry angular.js
152 silly gunzTarPerm modified mode [ 'angular.js', 420, 438 ]
153 silly gunzTarPerm extractEntry README.md
154 silly gunzTarPerm modified mode [ 'README.md', 420, 438 ]
155 silly gunzTarPerm extractEntry LICENSE
156 silly gunzTarPerm modified mode [ 'LICENSE', 420, 438 ]
157 silly gunzTarPerm extractEntry .npmignore
158 silly gunzTarPerm modified mode [ '.npmignore', 493, 511 ]
159 silly gunzTarPerm extractEntry README.md
160 silly gunzTarPerm modified mode [ 'README.md', 420, 438 ]
161 silly gunzTarPerm extractEntry Gruntfile.js
162 silly gunzTarPerm modified mode [ 'Gruntfile.js', 420, 438 ]
163 silly gunzTarPerm extractEntry CHANGELOG.md
164 silly gunzTarPerm modified mode [ 'CHANGELOG.md', 420, 438 ]
165 silly gunzTarPerm extractEntry gulpfile.js
166 silly gunzTarPerm modified mode [ 'gulpfile.js', 436, 438 ]
167 silly gunzTarPerm extractEntry index.js
168 silly gunzTarPerm modified mode [ 'index.js', 420, 438 ]
169 silly gunzTarPerm extractEntry lib/navbar.css
170 silly gunzTarPerm modified mode [ 'lib/navbar.css', 436, 438 ]
171 silly gunzTarPerm extractEntry dist/css/bootstrap-theme.css
172 silly gunzTarPerm modified mode [ 'dist/css/bootstrap-theme.css', 420, 438 ]
173 silly gunzTarPerm extractEntry dist/css/bootstrap-theme.css.map
174 silly gunzTarPerm modified mode [ 'dist/css/bootstrap-theme.css.map', 420, 438 ]
175 silly gunzTarPerm extractEntry lib/alerts.css
176 silly gunzTarPerm modified mode [ 'lib/alerts.css', 436, 438 ]
177 silly gunzTarPerm extractEntry lib/breadcrumbs.css
178 silly gunzTarPerm modified mode [ 'lib/breadcrumbs.css', 436, 438 ]
179 silly gunzTarPerm extractEntry dist/css/bootstrap-theme.min.css
180 silly gunzTarPerm modified mode [ 'dist/css/bootstrap-theme.min.css', 420, 438 ]
181 silly gunzTarPerm extractEntry dist/css/bootstrap-theme.min.css.map
182 silly gunzTarPerm modified mode [ 'dist/css/bootstrap-theme.min.css.map', 420, 438 ]
183 silly gunzTarPerm extractEntry lib/button-groups.css
184 silly gunzTarPerm modified mode [ 'lib/button-groups.css', 436, 438 ]
185 silly gunzTarPerm extractEntry lib/buttons.css
186 silly gunzTarPerm modified mode [ 'lib/buttons.css', 436, 438 ]
187 silly gunzTarPerm extractEntry dist/css/bootstrap.css
188 silly gunzTarPerm modified mode [ 'dist/css/bootstrap.css', 420, 438 ]
189 silly gunzTarPerm extractEntry dist/css/bootstrap.css.map
190 silly gunzTarPerm modified mode [ 'dist/css/bootstrap.css.map', 420, 438 ]
191 silly gunzTarPerm extractEntry lib/carousel.css
192 silly gunzTarPerm modified mode [ 'lib/carousel.css', 436, 438 ]
193 silly gunzTarPerm extractEntry lib/close.css
194 silly gunzTarPerm modified mode [ 'lib/close.css', 436, 438 ]
195 silly gunzTarPerm extractEntry dist/css/bootstrap.min.css
196 silly gunzTarPerm modified mode [ 'dist/css/bootstrap.min.css', 420, 438 ]
197 silly gunzTarPerm extractEntry dist/css/bootstrap.min.css.map
198 silly gunzTarPerm modified mode [ 'dist/css/bootstrap.min.css.map', 420, 438 ]
199 silly gunzTarPerm extractEntry lib/code.css
200 silly gunzTarPerm modified mode [ 'lib/code.css', 436, 438 ]
201 silly gunzTarPerm extractEntry lib/component-animations.css
202 silly gunzTarPerm modified mode [ 'lib/component-animations.css', 436, 438 ]
203 silly gunzTarPerm extractEntry angular.min.js
204 silly gunzTarPerm modified mode [ 'angular.min.js', 420, 438 ]
205 silly gunzTarPerm extractEntry lib/dropdowns.css
206 silly gunzTarPerm modified mode [ 'lib/dropdowns.css', 436, 438 ]
207 silly gunzTarPerm extractEntry lib/forms.css
208 silly gunzTarPerm modified mode [ 'lib/forms.css', 436, 438 ]
209 silly gunzTarPerm extractEntry index.js
210 silly gunzTarPerm modified mode [ 'index.js', 420, 438 ]
211 silly gunzTarPerm extractEntry dist/fonts/glyphicons-halflings-regular.eot
212 silly gunzTarPerm modified mode [ 'dist/fonts/glyphicons-halflings-regular.eot', 420, 438 ]
213 silly gunzTarPerm extractEntry LICENSE.md
214 silly gunzTarPerm modified mode [ 'LICENSE.md', 420, 438 ]
215 silly gunzTarPerm extractEntry lib/grid.css
216 silly gunzTarPerm modified mode [ 'lib/grid.css', 436, 438 ]
217 silly gunzTarPerm extractEntry lib/input-groups.css
218 silly gunzTarPerm modified mode [ 'lib/input-groups.css', 436, 438 ]
219 silly gunzTarPerm extractEntry angular-csp.css
220 silly gunzTarPerm modified mode [ 'angular-csp.css', 420, 438 ]
221 silly gunzTarPerm extractEntry angular.min.js.gzip
222 silly gunzTarPerm modified mode [ 'angular.min.js.gzip', 420, 438 ]
223 silly gunzTarPerm extractEntry dist/fonts/glyphicons-halflings-regular.svg
224 silly gunzTarPerm modified mode [ 'dist/fonts/glyphicons-halflings-regular.svg', 420, 438 ]
225 silly gunzTarPerm extractEntry dist/fonts/glyphicons-halflings-regular.ttf
226 silly gunzTarPerm modified mode [ 'dist/fonts/glyphicons-halflings-regular.ttf', 420, 438 ]
227 silly gunzTarPerm extractEntry dist/fonts/glyphicons-halflings-regular.woff
228 silly gunzTarPerm modified mode [ 'dist/fonts/glyphicons-halflings-regular.woff', 420, 438 ]
229 silly gunzTarPerm extractEntry lib/jumbotron.css
230 silly gunzTarPerm modified mode [ 'lib/jumbotron.css', 436, 438 ]
231 silly gunzTarPerm extractEntry lib/labels.css
232 silly gunzTarPerm modified mode [ 'lib/labels.css', 436, 438 ]
233 silly gunzTarPerm extractEntry angular.min.js.map
234 silly gunzTarPerm modified mode [ 'angular.min.js.map', 420, 438 ]
235 silly gunzTarPerm extractEntry dist/fonts/glyphicons-halflings-regular.woff2
236 silly gunzTarPerm modified mode [ 'dist/fonts/glyphicons-halflings-regular.woff2', 420, 438 ]
237 silly gunzTarPerm extractEntry dist/js/bootstrap.js
238 silly gunzTarPerm modified mode [ 'dist/js/bootstrap.js', 420, 438 ]
239 silly gunzTarPerm extractEntry bower.json
240 silly gunzTarPerm modified mode [ 'bower.json', 420, 438 ]
241 silly gunzTarPerm extractEntry lib/list-group.css
242 silly gunzTarPerm modified mode [ 'lib/list-group.css', 436, 438 ]
243 silly gunzTarPerm extractEntry lib/media.css
244 silly gunzTarPerm modified mode [ 'lib/media.css', 436, 438 ]
245 silly gunzTarPerm extractEntry dist/js/bootstrap.min.js
246 silly gunzTarPerm modified mode [ 'dist/js/bootstrap.min.js', 420, 438 ]
247 silly gunzTarPerm extractEntry lib/modals.css
248 silly gunzTarPerm modified mode [ 'lib/modals.css', 436, 438 ]
249 silly gunzTarPerm extractEntry lib/badges.css
250 silly gunzTarPerm modified mode [ 'lib/badges.css', 436, 438 ]
251 silly gunzTarPerm extractEntry dist/js/npm.js
252 silly gunzTarPerm modified mode [ 'dist/js/npm.js', 420, 438 ]
253 silly gunzTarPerm extractEntry fonts/glyphicons-halflings-regular.eot
254 silly gunzTarPerm modified mode [ 'fonts/glyphicons-halflings-regular.eot', 420, 438 ]
255 silly gunzTarPerm extractEntry fonts/glyphicons-halflings-regular.svg
256 silly gunzTarPerm modified mode [ 'fonts/glyphicons-halflings-regular.svg', 420, 438 ]
257 silly gunzTarPerm extractEntry fonts/glyphicons-halflings-regular.ttf
258 silly gunzTarPerm modified mode [ 'fonts/glyphicons-halflings-regular.ttf', 420, 438 ]
259 silly gunzTarPerm extractEntry lib/navs.css
260 silly gunzTarPerm modified mode [ 'lib/navs.css', 436, 438 ]
261 silly gunzTarPerm extractEntry lib/normalize.css
262 silly gunzTarPerm modified mode [ 'lib/normalize.css', 436, 438 ]
263 silly gunzTarPerm extractEntry fonts/glyphicons-halflings-regular.woff
264 silly gunzTarPerm modified mode [ 'fonts/glyphicons-halflings-regular.woff', 420, 438 ]
265 silly gunzTarPerm extractEntry lib/pager.css
266 silly gunzTarPerm modified mode [ 'lib/pager.css', 436, 438 ]
267 silly gunzTarPerm extractEntry lib/pagination.css
268 silly gunzTarPerm modified mode [ 'lib/pagination.css', 436, 438 ]
269 silly gunzTarPerm extractEntry fonts/glyphicons-halflings-regular.woff2
270 silly gunzTarPerm modified mode [ 'fonts/glyphicons-halflings-regular.woff2', 420, 438 ]
271 silly gunzTarPerm extractEntry grunt/bs-commonjs-generator.js
272 silly gunzTarPerm modified mode [ 'grunt/bs-commonjs-generator.js', 420, 438 ]
273 silly gunzTarPerm extractEntry lib/panels.css
274 silly gunzTarPerm modified mode [ 'lib/panels.css', 436, 438 ]
275 silly gunzTarPerm extractEntry lib/popovers.css
276 silly gunzTarPerm modified mode [ 'lib/popovers.css', 436, 438 ]
277 silly gunzTarPerm extractEntry grunt/bs-glyphicons-data-generator.js
278 silly gunzTarPerm modified mode [ 'grunt/bs-glyphicons-data-generator.js', 420, 438 ]
279 silly gunzTarPerm extractEntry grunt/bs-lessdoc-parser.js
280 silly gunzTarPerm modified mode [ 'grunt/bs-lessdoc-parser.js', 420, 438 ]
281 silly gunzTarPerm extractEntry lib/print.css
282 silly gunzTarPerm modified mode [ 'lib/print.css', 436, 438 ]
283 silly gunzTarPerm extractEntry lib/progress-bars.css
284 silly gunzTarPerm modified mode [ 'lib/progress-bars.css', 436, 438 ]
285 silly gunzTarPerm extractEntry grunt/bs-raw-files-generator.js
286 silly gunzTarPerm modified mode [ 'grunt/bs-raw-files-generator.js', 420, 438 ]
287 silly gunzTarPerm extractEntry grunt/change-version.js
288 silly gunzTarPerm modified mode [ 'grunt/change-version.js', 493, 511 ]
289 silly gunzTarPerm extractEntry grunt/.jshintrc
290 silly gunzTarPerm modified mode [ 'grunt/.jshintrc', 420, 438 ]
291 silly gunzTarPerm extractEntry grunt/configBridge.json
292 silly gunzTarPerm modified mode [ 'grunt/configBridge.json', 420, 438 ]
293 silly gunzTarPerm extractEntry lib/responsive-embed.css
294 silly gunzTarPerm modified mode [ 'lib/responsive-embed.css', 436, 438 ]
295 silly gunzTarPerm extractEntry lib/responsive-utilities.css
296 silly gunzTarPerm modified mode [ 'lib/responsive-utilities.css', 436, 438 ]
297 silly gunzTarPerm extractEntry grunt/npm-shrinkwrap.json
298 silly gunzTarPerm modified mode [ 'grunt/npm-shrinkwrap.json', 420, 438 ]
299 silly gunzTarPerm extractEntry grunt/sauce_browsers.yml
300 silly gunzTarPerm modified mode [ 'grunt/sauce_browsers.yml', 420, 438 ]
301 silly gunzTarPerm extractEntry js/affix.js
302 silly gunzTarPerm modified mode [ 'js/affix.js', 420, 438 ]
303 silly gunzTarPerm extractEntry js/button.js
304 silly gunzTarPerm modified mode [ 'js/button.js', 420, 438 ]
305 silly gunzTarPerm extractEntry lib/scaffolding.css
306 silly gunzTarPerm modified mode [ 'lib/scaffolding.css', 436, 438 ]
307 silly gunzTarPerm extractEntry lib/tables.css
308 silly gunzTarPerm modified mode [ 'lib/tables.css', 436, 438 ]
309 silly gunzTarPerm extractEntry js/carousel.js
310 silly gunzTarPerm modified mode [ 'js/carousel.js', 420, 438 ]
311 silly gunzTarPerm extractEntry js/collapse.js
312 silly gunzTarPerm modified mode [ 'js/collapse.js', 420, 438 ]
313 silly gunzTarPerm extractEntry js/dropdown.js
314 silly gunzTarPerm modified mode [ 'js/dropdown.js', 420, 438 ]
315 silly gunzTarPerm extractEntry lib/thumbnails.css
316 silly gunzTarPerm modified mode [ 'lib/thumbnails.css', 436, 438 ]
317 silly gunzTarPerm extractEntry lib/tooltip.css
318 silly gunzTarPerm modified mode [ 'lib/tooltip.css', 436, 438 ]
319 silly gunzTarPerm extractEntry js/alert.js
320 silly gunzTarPerm modified mode [ 'js/alert.js', 420, 438 ]
321 silly gunzTarPerm extractEntry js/popover.js
322 silly gunzTarPerm modified mode [ 'js/popover.js', 420, 438 ]
323 silly gunzTarPerm extractEntry js/scrollspy.js
324 silly gunzTarPerm modified mode [ 'js/scrollspy.js', 420, 438 ]
325 silly gunzTarPerm extractEntry lib/type.css
326 silly gunzTarPerm modified mode [ 'lib/type.css', 436, 438 ]
327 silly gunzTarPerm extractEntry lib/utilities.css
328 silly gunzTarPerm modified mode [ 'lib/utilities.css', 436, 438 ]
329 silly gunzTarPerm extractEntry js/tab.js
330 silly gunzTarPerm modified mode [ 'js/tab.js', 420, 438 ]
331 silly gunzTarPerm extractEntry js/tooltip.js
332 silly gunzTarPerm modified mode [ 'js/tooltip.js', 420, 438 ]
333 silly gunzTarPerm extractEntry lib/wells.css
334 silly gunzTarPerm modified mode [ 'lib/wells.css', 436, 438 ]
335 silly gunzTarPerm extractEntry example/package.json
336 silly gunzTarPerm modified mode [ 'example/package.json', 420, 438 ]
337 silly gunzTarPerm extractEntry js/transition.js
338 silly gunzTarPerm modified mode [ 'js/transition.js', 420, 438 ]
339 silly gunzTarPerm extractEntry js/modal.js
340 silly gunzTarPerm modified mode [ 'js/modal.js', 420, 438 ]
341 silly gunzTarPerm extractEntry less/mixins.less
342 silly gunzTarPerm modified mode [ 'less/mixins.less', 420, 438 ]
343 silly gunzTarPerm extractEntry less/alerts.less
344 silly gunzTarPerm modified mode [ 'less/alerts.less', 420, 438 ]
345 silly gunzTarPerm extractEntry example/README.md
346 silly gunzTarPerm modified mode [ 'example/README.md', 493, 511 ]
347 silly gunzTarPerm extractEntry example/serverDev.js
348 silly gunzTarPerm modified mode [ 'example/serverDev.js', 420, 438 ]
349 silly gunzTarPerm extractEntry less/badges.less
350 silly gunzTarPerm modified mode [ 'less/badges.less', 420, 438 ]
351 silly gunzTarPerm extractEntry less/bootstrap.less
352 silly gunzTarPerm modified mode [ 'less/bootstrap.less', 420, 438 ]
353 silly gunzTarPerm extractEntry example/webpack.config.dev.js
354 silly gunzTarPerm modified mode [ 'example/webpack.config.dev.js', 420, 438 ]
355 silly gunzTarPerm extractEntry example/.babelrc
356 silly gunzTarPerm modified mode [ 'example/.babelrc', 420, 438 ]
357 silly gunzTarPerm extractEntry less/breadcrumbs.less
358 silly gunzTarPerm modified mode [ 'less/breadcrumbs.less', 420, 438 ]
359 silly gunzTarPerm extractEntry less/button-groups.less
360 silly gunzTarPerm modified mode [ 'less/button-groups.less', 420, 438 ]
361 silly gunzTarPerm extractEntry less/buttons.less
362 silly gunzTarPerm modified mode [ 'less/buttons.less', 420, 438 ]
363 silly gunzTarPerm extractEntry example/index.html
364 silly gunzTarPerm modified mode [ 'example/index.html', 420, 438 ]
365 silly gunzTarPerm extractEntry example/public/bundle.js
366 silly gunzTarPerm modified mode [ 'example/public/bundle.js', 420, 438 ]
367 silly gunzTarPerm extractEntry example/src/index.js
368 silly gunzTarPerm modified mode [ 'example/src/index.js', 420, 438 ]
369 silly gunzTarPerm extractEntry less/carousel.less
370 silly gunzTarPerm modified mode [ 'less/carousel.less', 420, 438 ]
371 silly gunzTarPerm extractEntry less/close.less
372 silly gunzTarPerm modified mode [ 'less/close.less', 420, 438 ]
373 silly gunzTarPerm extractEntry less/code.less
374 silly gunzTarPerm modified mode [ 'less/code.less', 420, 438 ]
375 silly gunzTarPerm extractEntry less/component-animations.less
376 silly gunzTarPerm modified mode [ 'less/component-animations.less', 420, 438 ]
377 silly gunzTarPerm extractEntry less/dropdowns.less
378 silly gunzTarPerm modified mode [ 'less/dropdowns.less', 420, 438 ]
379 silly gunzTarPerm extractEntry example/src/components/Demo.js
380 silly gunzTarPerm modified mode [ 'example/src/components/Demo.js', 436, 438 ]
381 silly gunzTarPerm extractEntry example/src/components/Demo.css
382 silly gunzTarPerm modified mode [ 'example/src/components/Demo.css', 436, 438 ]
383 silly gunzTarPerm extractEntry less/forms.less
384 silly gunzTarPerm modified mode [ 'less/forms.less', 420, 438 ]
385 silly gunzTarPerm extractEntry less/glyphicons.less
386 silly gunzTarPerm modified mode [ 'less/glyphicons.less', 420, 438 ]
387 silly gunzTarPerm extractEntry less/grid.less
388 silly gunzTarPerm modified mode [ 'less/grid.less', 420, 438 ]
389 silly gunzTarPerm extractEntry src/navbar.less
390 silly gunzTarPerm modified mode [ 'src/navbar.less', 436, 438 ]
391 silly gunzTarPerm extractEntry src/alerts.less
392 silly gunzTarPerm modified mode [ 'src/alerts.less', 436, 438 ]
393 silly gunzTarPerm extractEntry less/input-groups.less
394 silly gunzTarPerm modified mode [ 'less/input-groups.less', 420, 438 ]
395 silly gunzTarPerm extractEntry less/jumbotron.less
396 silly gunzTarPerm modified mode [ 'less/jumbotron.less', 420, 438 ]
397 silly gunzTarPerm extractEntry src/breadcrumbs.less
398 silly gunzTarPerm modified mode [ 'src/breadcrumbs.less', 436, 438 ]
399 silly gunzTarPerm extractEntry src/button-groups.less
400 silly gunzTarPerm modified mode [ 'src/button-groups.less', 436, 438 ]
401 silly gunzTarPerm extractEntry less/labels.less
402 silly gunzTarPerm modified mode [ 'less/labels.less', 420, 438 ]
403 silly gunzTarPerm extractEntry less/list-group.less
404 silly gunzTarPerm modified mode [ 'less/list-group.less', 420, 438 ]
405 silly gunzTarPerm extractEntry less/media.less
406 silly gunzTarPerm modified mode [ 'less/media.less', 420, 438 ]
407 silly gunzTarPerm extractEntry less/mixins/nav-vertical-align.less
408 silly gunzTarPerm modified mode [ 'less/mixins/nav-vertical-align.less', 420, 438 ]
409 silly gunzTarPerm extractEntry less/mixins/alerts.less
410 silly gunzTarPerm modified mode [ 'less/mixins/alerts.less', 420, 438 ]
411 silly gunzTarPerm extractEntry src/buttons.less
412 silly gunzTarPerm modified mode [ 'src/buttons.less', 436, 438 ]
413 silly gunzTarPerm extractEntry src/carousel.less
414 silly gunzTarPerm modified mode [ 'src/carousel.less', 436, 438 ]
415 silly gunzTarPerm extractEntry less/mixins/border-radius.less
416 silly gunzTarPerm modified mode [ 'less/mixins/border-radius.less', 420, 438 ]
417 silly gunzTarPerm extractEntry less/mixins/buttons.less
418 silly gunzTarPerm modified mode [ 'less/mixins/buttons.less', 420, 438 ]
419 silly gunzTarPerm extractEntry less/mixins/center-block.less
420 silly gunzTarPerm modified mode [ 'less/mixins/center-block.less', 420, 438 ]
421 silly gunzTarPerm extractEntry src/close.less
422 silly gunzTarPerm modified mode [ 'src/close.less', 436, 438 ]
423 silly gunzTarPerm extractEntry src/code.less
424 silly gunzTarPerm modified mode [ 'src/code.less', 436, 438 ]
425 silly gunzTarPerm extractEntry less/mixins/clearfix.less
426 silly gunzTarPerm modified mode [ 'less/mixins/clearfix.less', 420, 438 ]
427 silly gunzTarPerm extractEntry less/mixins/forms.less
428 silly gunzTarPerm modified mode [ 'less/mixins/forms.less', 420, 438 ]
429 silly gunzTarPerm extractEntry less/mixins/gradients.less
430 silly gunzTarPerm modified mode [ 'less/mixins/gradients.less', 420, 438 ]
431 silly gunzTarPerm extractEntry src/component-animations.less
432 silly gunzTarPerm modified mode [ 'src/component-animations.less', 436, 438 ]
433 silly gunzTarPerm extractEntry src/dropdowns.less
434 silly gunzTarPerm modified mode [ 'src/dropdowns.less', 436, 438 ]
435 silly gunzTarPerm extractEntry less/mixins/grid-framework.less
436 silly gunzTarPerm modified mode [ 'less/mixins/grid-framework.less', 420, 438 ]
437 silly gunzTarPerm extractEntry less/mixins/grid.less
438 silly gunzTarPerm modified mode [ 'less/mixins/grid.less', 420, 438 ]
439 silly gunzTarPerm extractEntry less/mixins/hide-text.less
440 silly gunzTarPerm modified mode [ 'less/mixins/hide-text.less', 420, 438 ]
441 silly gunzTarPerm extractEntry src/forms.less
442 silly gunzTarPerm modified mode [ 'src/forms.less', 436, 438 ]
443 silly gunzTarPerm extractEntry src/grid.less
444 silly gunzTarPerm modified mode [ 'src/grid.less', 436, 438 ]
445 silly gunzTarPerm extractEntry less/mixins/image.less
446 silly gunzTarPerm modified mode [ 'less/mixins/image.less', 420, 438 ]
447 silly gunzTarPerm extractEntry less/mixins/labels.less
448 silly gunzTarPerm modified mode [ 'less/mixins/labels.less', 420, 438 ]
449 silly gunzTarPerm extractEntry less/mixins/list-group.less
450 silly gunzTarPerm modified mode [ 'less/mixins/list-group.less', 420, 438 ]
451 silly gunzTarPerm extractEntry src/input-groups.less
452 silly gunzTarPerm modified mode [ 'src/input-groups.less', 436, 438 ]
453 silly gunzTarPerm extractEntry src/jumbotron.less
454 silly gunzTarPerm modified mode [ 'src/jumbotron.less', 436, 438 ]
455 silly gunzTarPerm extractEntry less/mixins/nav-divider.less
456 silly gunzTarPerm modified mode [ 'less/mixins/nav-divider.less', 420, 438 ]
457 silly gunzTarPerm extractEntry less/mixins/background-variant.less
458 silly gunzTarPerm modified mode [ 'less/mixins/background-variant.less', 420, 438 ]
459 silly gunzTarPerm extractEntry less/mixins/opacity.less
460 silly gunzTarPerm modified mode [ 'less/mixins/opacity.less', 420, 438 ]
461 silly gunzTarPerm extractEntry src/labels.less
462 silly gunzTarPerm modified mode [ 'src/labels.less', 436, 438 ]
463 silly gunzTarPerm extractEntry src/list-group.less
464 silly gunzTarPerm modified mode [ 'src/list-group.less', 436, 438 ]
465 silly gunzTarPerm extractEntry less/mixins/pagination.less
466 silly gunzTarPerm modified mode [ 'less/mixins/pagination.less', 420, 438 ]
467 silly gunzTarPerm extractEntry less/mixins/panels.less
468 silly gunzTarPerm modified mode [ 'less/mixins/panels.less', 420, 438 ]
469 silly gunzTarPerm extractEntry less/mixins/progress-bar.less
470 silly gunzTarPerm modified mode [ 'less/mixins/progress-bar.less', 420, 438 ]
471 silly gunzTarPerm extractEntry src/media.less
472 silly gunzTarPerm modified mode [ 'src/media.less', 436, 438 ]
473 silly gunzTarPerm extractEntry src/modals.less
474 silly gunzTarPerm modified mode [ 'src/modals.less', 436, 438 ]
475 silly gunzTarPerm extractEntry less/mixins/reset-filter.less
476 silly gunzTarPerm modified mode [ 'less/mixins/reset-filter.less', 420, 438 ]
477 silly gunzTarPerm extractEntry less/mixins/reset-text.less
478 silly gunzTarPerm modified mode [ 'less/mixins/reset-text.less', 420, 438 ]
479 silly gunzTarPerm extractEntry less/mixins/resize.less
480 silly gunzTarPerm modified mode [ 'less/mixins/resize.less', 420, 438 ]
481 silly gunzTarPerm extractEntry src/badges.less
482 silly gunzTarPerm modified mode [ 'src/badges.less', 436, 438 ]
483 silly gunzTarPerm extractEntry src/navs.less
484 silly gunzTarPerm modified mode [ 'src/navs.less', 436, 438 ]
485 silly gunzTarPerm extractEntry less/mixins/responsive-visibility.less
486 silly gunzTarPerm modified mode [ 'less/mixins/responsive-visibility.less', 420, 438 ]
487 silly gunzTarPerm extractEntry less/mixins/size.less
488 silly gunzTarPerm modified mode [ 'less/mixins/size.less', 420, 438 ]
489 silly gunzTarPerm extractEntry less/mixins/tab-focus.less
490 silly gunzTarPerm modified mode [ 'less/mixins/tab-focus.less', 420, 438 ]
491 silly gunzTarPerm extractEntry src/normalize.less
492 silly gunzTarPerm modified mode [ 'src/normalize.less', 436, 438 ]
493 silly gunzTarPerm extractEntry src/pager.less
494 silly gunzTarPerm modified mode [ 'src/pager.less', 436, 438 ]
495 silly gunzTarPerm extractEntry less/mixins/table-row.less
496 silly gunzTarPerm modified mode [ 'less/mixins/table-row.less', 420, 438 ]
497 silly gunzTarPerm extractEntry less/mixins/text-emphasis.less
498 silly gunzTarPerm modified mode [ 'less/mixins/text-emphasis.less', 420, 438 ]
499 silly gunzTarPerm extractEntry less/mixins/text-overflow.less
500 silly gunzTarPerm modified mode [ 'less/mixins/text-overflow.less', 420, 438 ]
501 silly gunzTarPerm extractEntry src/pagination.less
502 silly gunzTarPerm modified mode [ 'src/pagination.less', 436, 438 ]
503 silly gunzTarPerm extractEntry src/panels.less
504 silly gunzTarPerm modified mode [ 'src/panels.less', 436, 438 ]
505 silly gunzTarPerm extractEntry less/mixins/vendor-prefixes.less
506 silly gunzTarPerm modified mode [ 'less/mixins/vendor-prefixes.less', 420, 438 ]
507 silly gunzTarPerm extractEntry less/modals.less
508 silly gunzTarPerm modified mode [ 'less/modals.less', 420, 438 ]
509 silly gunzTarPerm extractEntry less/navbar.less
510 silly gunzTarPerm modified mode [ 'less/navbar.less', 420, 438 ]
511 silly gunzTarPerm extractEntry src/popovers.less
512 silly gunzTarPerm modified mode [ 'src/popovers.less', 436, 438 ]
513 silly gunzTarPerm extractEntry src/print.less
514 silly gunzTarPerm modified mode [ 'src/print.less', 436, 438 ]
515 silly gunzTarPerm extractEntry less/navs.less
516 silly gunzTarPerm modified mode [ 'less/navs.less', 420, 438 ]
517 silly gunzTarPerm extractEntry src/progress-bars.less
518 silly gunzTarPerm modified mode [ 'src/progress-bars.less', 436, 438 ]
519 silly gunzTarPerm extractEntry src/responsive-embed.less
520 silly gunzTarPerm modified mode [ 'src/responsive-embed.less', 436, 438 ]
521 silly gunzTarPerm extractEntry less/normalize.less
522 silly gunzTarPerm modified mode [ 'less/normalize.less', 420, 438 ]
523 silly gunzTarPerm extractEntry less/pager.less
524 silly gunzTarPerm modified mode [ 'less/pager.less', 420, 438 ]
525 silly gunzTarPerm extractEntry less/pagination.less
526 silly gunzTarPerm modified mode [ 'less/pagination.less', 420, 438 ]
527 silly gunzTarPerm extractEntry less/panels.less
528 silly gunzTarPerm modified mode [ 'less/panels.less', 420, 438 ]
529 silly gunzTarPerm extractEntry src/responsive-utilities.less
530 silly gunzTarPerm modified mode [ 'src/responsive-utilities.less', 436, 438 ]
531 silly gunzTarPerm extractEntry src/scaffolding.less
532 silly gunzTarPerm modified mode [ 'src/scaffolding.less', 436, 438 ]
533 silly gunzTarPerm extractEntry less/popovers.less
534 silly gunzTarPerm modified mode [ 'less/popovers.less', 420, 438 ]
535 silly gunzTarPerm extractEntry less/print.less
536 silly gunzTarPerm modified mode [ 'less/print.less', 420, 438 ]
537 silly gunzTarPerm extractEntry less/progress-bars.less
538 silly gunzTarPerm modified mode [ 'less/progress-bars.less', 420, 438 ]
539 silly gunzTarPerm extractEntry less/responsive-embed.less
540 silly gunzTarPerm modified mode [ 'less/responsive-embed.less', 420, 438 ]
541 silly gunzTarPerm extractEntry less/responsive-utilities.less
542 silly gunzTarPerm modified mode [ 'less/responsive-utilities.less', 420, 438 ]
543 silly gunzTarPerm extractEntry src/tables.less
544 silly gunzTarPerm modified mode [ 'src/tables.less', 436, 438 ]
545 silly gunzTarPerm extractEntry src/thumbnails.less
546 silly gunzTarPerm modified mode [ 'src/thumbnails.less', 436, 438 ]
547 silly gunzTarPerm extractEntry less/scaffolding.less
548 silly gunzTarPerm modified mode [ 'less/scaffolding.less', 420, 438 ]
549 silly gunzTarPerm extractEntry less/tables.less
550 silly gunzTarPerm modified mode [ 'less/tables.less', 420, 438 ]
551 silly gunzTarPerm extractEntry less/theme.less
552 silly gunzTarPerm modified mode [ 'less/theme.less', 420, 438 ]
553 silly gunzTarPerm extractEntry src/tooltip.less
554 silly gunzTarPerm modified mode [ 'src/tooltip.less', 436, 438 ]
555 silly gunzTarPerm extractEntry src/type.less
556 silly gunzTarPerm modified mode [ 'src/type.less', 436, 438 ]
557 silly gunzTarPerm extractEntry less/thumbnails.less
558 silly gunzTarPerm modified mode [ 'less/thumbnails.less', 420, 438 ]
559 silly gunzTarPerm extractEntry src/utilities.less
560 silly gunzTarPerm modified mode [ 'src/utilities.less', 436, 438 ]
561 silly gunzTarPerm extractEntry src/wells.less
562 silly gunzTarPerm modified mode [ 'src/wells.less', 436, 438 ]
563 silly gunzTarPerm extractEntry less/tooltip.less
564 silly gunzTarPerm modified mode [ 'less/tooltip.less', 420, 438 ]
565 silly gunzTarPerm extractEntry less/type.less
566 silly gunzTarPerm modified mode [ 'less/type.less', 420, 438 ]
567 silly gunzTarPerm extractEntry less/utilities.less
568 silly gunzTarPerm modified mode [ 'less/utilities.less', 420, 438 ]
569 silly gunzTarPerm extractEntry less/variables.less
570 silly gunzTarPerm modified mode [ 'less/variables.less', 420, 438 ]
571 silly gentlyRm C:\Users\yshao009\git\LBS\LBS\src\main\webapp\script\node_modules\.staging\angular-c2585c8c\node_modules is being purged
572 verbose gentlyRm don't care about contents; nuking C:\Users\yshao009\git\LBS\LBS\src\main\webapp\script\node_modules\.staging\angular-c2585c8c\node_modules
573 silly gunzTarPerm extractEntry less/wells.less
574 silly gunzTarPerm modified mode [ 'less/wells.less', 420, 438 ]
575 silly gentlyRm C:\Users\yshao009\git\LBS\LBS\src\main\webapp\script\node_modules\.staging\bootstrap-css-3a957e1b\node_modules is being purged
576 verbose gentlyRm don't care about contents; nuking C:\Users\yshao009\git\LBS\LBS\src\main\webapp\script\node_modules\.staging\bootstrap-css-3a957e1b\node_modules
577 silly gentlyRm C:\Users\yshao009\git\LBS\LBS\src\main\webapp\script\node_modules\.staging\bootstrap-7bf8d3d9\node_modules is being purged
578 verbose gentlyRm don't care about contents; nuking C:\Users\yshao009\git\LBS\LBS\src\main\webapp\script\node_modules\.staging\bootstrap-7bf8d3d9\node_modules
579 silly doParallel preinstall 3
580 silly preinstall angular@1.5.8 C:\Users\yshao009\git\LBS\LBS\src\main\webapp\script\node_modules\.staging\angular-c2585c8c
581 info lifecycle angular@1.5.8~preinstall: angular@1.5.8
582 silly preinstall bootstrap@3.3.7 C:\Users\yshao009\git\LBS\LBS\src\main\webapp\script\node_modules\.staging\bootstrap-7bf8d3d9
583 info lifecycle bootstrap@3.3.7~preinstall: bootstrap@3.3.7
584 silly preinstall bootstrap-css@3.0.0 C:\Users\yshao009\git\LBS\LBS\src\main\webapp\script\node_modules\.staging\bootstrap-css-3a957e1b
585 info lifecycle bootstrap-css@3.0.0~preinstall: bootstrap-css@3.0.0
586 silly lifecycle bootstrap@3.3.7~preinstall: no script for preinstall, continuing
587 silly lifecycle angular@1.5.8~preinstall: no script for preinstall, continuing
588 silly lifecycle bootstrap-css@3.0.0~preinstall: no script for preinstall, continuing
589 silly doReverseSerial remove 0
590 silly doSerial move 0
591 silly doSerial finalize 3
592 silly finalize C:\Users\yshao009\git\LBS\LBS\src\main\webapp\script\node_modules\angular
593 silly finalize C:\Users\yshao009\git\LBS\LBS\src\main\webapp\script\node_modules\bootstrap
594 silly finalize C:\Users\yshao009\git\LBS\LBS\src\main\webapp\script\node_modules\bootstrap-css
595 verbose unlock done using C:\Users\yshao009\AppData\Roaming\npm-cache\_locks\staging-3f3a26475ce8f03b.lock for C:\Users\yshao009\git\LBS\LBS\src\main\webapp\script\node_modules\.staging
596 silly rollbackFailedOptional Starting
597 silly rollbackFailedOptional Finishing
598 silly runTopLevelLifecycles Starting
599 silly runTopLevelLifecycles Finishing
600 silly install printInstalled
601 warn enoent ENOENT: no such file or directory, open 'C:\Users\yshao009\git\LBS\LBS\src\main\webapp\script\package.json'
602 warn script No description
603 warn script No repository field.
604 warn script No README data
605 warn script No license field.
606 verbose stack Error: EPERM: operation not permitted, rename 'C:\Users\yshao009\git\LBS\LBS\src\main\webapp\script\node_modules\bootstrap-css' -> 'C:\Users\yshao009\git\LBS\LBS\src\main\webapp\script\node_modules\.bootstrap-css.DELETE'
606 verbose stack     at moveAway (C:\Program Files\nodejs\node_modules\npm\lib\install\action\finalize.js:38:5)
606 verbose stack     at destStatted (C:\Program Files\nodejs\node_modules\npm\lib\install\action\finalize.js:27:7)
606 verbose stack     at FSReqWrap.oncomplete (fs.js:82:15)
606 verbose stack
606 verbose stack Error: EPERM: operation not permitted, rename 'C:\Users\yshao009\git\LBS\LBS\src\main\webapp\script\node_modules\bootstrap-css' -> 'C:\Users\yshao009\git\LBS\LBS\src\main\webapp\script\node_modules\.bootstrap-css.DELETE'
606 verbose stack     at Error (native)
607 verbose cwd C:\Users\yshao009\git\LBS\LBS\src\main\webapp\script
608 error Windows_NT 6.1.7601
609 error argv "C:\\Program Files\\nodejs\\node.exe" "C:\\Program Files\\nodejs\\node_modules\\npm\\bin\\npm-cli.js" "install" "bootstrap" "--save"
610 error node v5.10.1
611 error npm  v3.8.3
612 error path C:\Users\yshao009\git\LBS\LBS\src\main\webapp\script\node_modules\bootstrap-css
613 error code EPERM
614 error errno -4048
615 error syscall rename
616 error Error: EPERM: operation not permitted, rename 'C:\Users\yshao009\git\LBS\LBS\src\main\webapp\script\node_modules\bootstrap-css' -> 'C:\Users\yshao009\git\LBS\LBS\src\main\webapp\script\node_modules\.bootstrap-css.DELETE'
616 error     at moveAway (C:\Program Files\nodejs\node_modules\npm\lib\install\action\finalize.js:38:5)
616 error     at destStatted (C:\Program Files\nodejs\node_modules\npm\lib\install\action\finalize.js:27:7)
616 error     at FSReqWrap.oncomplete (fs.js:82:15)
616 error
616 error Error: EPERM: operation not permitted, rename 'C:\Users\yshao009\git\LBS\LBS\src\main\webapp\script\node_modules\bootstrap-css' -> 'C:\Users\yshao009\git\LBS\LBS\src\main\webapp\script\node_modules\.bootstrap-css.DELETE'
616 error     at Error (native)
616 error  [Error: EPERM: operation not permitted, rename 'C:\Users\yshao009\git\LBS\LBS\src\main\webapp\script\node_modules\bootstrap-css' -> 'C:\Users\yshao009\git\LBS\LBS\src\main\webapp\script\node_modules\.bootstrap-css.DELETE']
617 error Please try running this command again as root/Administrator.
618 verbose exit [ -4048, true ]
